[35m2024-02-16 08:16:37,890[0;39m [34mINFO [0;39m [[34mmain[0;39m] [33mo.s.b.StartupInfoLogger.logStarting:55[0;39m:Starting S3RefreshPollerDemoApplication using Java 18.0.1.1 on MacBook-Pro.local with PID 87410 (/Users/aloksingh/git/s3-refresh-poller-demo/target/classes started by aloksingh in /Users/aloksingh/git/s3-refresh-poller-demo)
[35m2024-02-16 08:16:37,893[0;39m [34mINFO [0;39m [[34mmain[0;39m] [33mo.s.b.SpringApplication.logStartupProfileInfo:631[0;39m:No active profile set, falling back to 1 default profile: "default"
[35m2024-02-16 08:16:41,428[0;39m [34mINFO [0;39m [[34mmain[0;39m] [33mc.a.a.s.r.p.S3RefreshPoller.registerListener:80[0;39m:registerListener::scheduling::alok-s3-refresh::refresh/appA.json::30
[35m2024-02-16 08:16:42,208[0;39m [34mINFO [0;39m [[34mmain[0;39m] [33mo.s.b.StartupInfoLogger.logStarted:61[0;39m:Started S3RefreshPollerDemoApplication in 5.41 seconds (JVM running for 6.657)
[35m2024-02-16 08:16:42,215[0;39m [31mWARN [0;39m [[34mmain[0;39m] [33mc.a.a.s.r.p.S3RefreshPoller.registerListener:73[0;39m:Refresh listener already registered!
[35m2024-02-16 08:17:11,436[0;39m [34mINFO [0;39m [[34mpool-2-thread-1[0;39m] [33mc.a.a.s.r.p.Apprefresher.checkForRefresh:20[0;39m:App refreshed at alok-s3-refresh::refresh/appA.json::0
[35m2024-02-16 08:17:12,203[0;39m [34mINFO [0;39m [[34mpool-2-thread-1[0;39m] [33mc.a.a.s.r.p.Apprefresher.checkForRefresh:43[0;39m:Data refreshed at alok-s3-refresh::refresh/appA.json::1697710002
[35m2024-02-16 08:17:12,204[0;39m [34mINFO [0;39m [[34mpool-2-thread-1[0;39m] [33mc.a.a.s.r.p.ApplicationConfiguration.lambda$s3RefreshPoller$0:53[0;39m:Refresh is called
[35m2024-02-16 08:17:22,210[0;39m [34mINFO [0;39m [[34mpool-2-thread-1[0;39m] [33mc.a.a.s.r.p.S3RefreshPoller.setLastRefreshTime:62[0;39m:setLastRefreshTime::1697710002
[35m2024-02-16 08:17:52,227[0;39m [34mINFO [0;39m [[34mpool-2-thread-1[0;39m] [33mc.a.a.s.r.p.Apprefresher.checkForRefresh:20[0;39m:App refreshed at alok-s3-refresh::refresh/appA.json::1697710002
[35m2024-02-16 08:17:53,081[0;39m [34mINFO [0;39m [[34mpool-2-thread-1[0;39m] [33mc.a.a.s.r.p.Apprefresher.checkForRefresh:43[0;39m:Data refreshed at alok-s3-refresh::refresh/appA.json::1697710002
[35m2024-02-16 08:17:53,081[0;39m [34mINFO [0;39m [[34mpool-2-thread-1[0;39m] [33mc.a.a.s.r.p.Apprefresher.checkForRefresh:49[0;39m:App is up to date
[35m2024-02-16 08:18:30,374[0;39m [34mINFO [0;39m [[34mmain[0;39m] [33mo.s.b.StartupInfoLogger.logStarting:55[0;39m:Starting S3RefreshPollerDemoApplication using Java 18.0.1.1 on MacBook-Pro.local with PID 87482 (/Users/aloksingh/git/s3-refresh-poller-demo/target/classes started by aloksingh in /Users/aloksingh/git/s3-refresh-poller-demo)
[35m2024-02-16 08:18:30,378[0;39m [34mINFO [0;39m [[34mmain[0;39m] [33mo.s.b.SpringApplication.logStartupProfileInfo:631[0;39m:No active profile set, falling back to 1 default profile: "default"
[35m2024-02-16 08:18:34,475[0;39m [34mINFO [0;39m [[34mmain[0;39m] [33mo.s.b.StartupInfoLogger.logStarted:61[0;39m:Started S3RefreshPollerDemoApplication in 5.357 seconds (JVM running for 6.06)
[35m2024-02-16 08:18:34,481[0;39m [34mINFO [0;39m [[34mmain[0;39m] [33mc.a.a.s.r.p.S3RefreshPoller.registerListener:80[0;39m:registerListener::scheduling::alok-s3-refresh::refresh/appA.json::30
[35m2024-02-16 08:19:04,490[0;39m [34mINFO [0;39m [[34mpool-2-thread-1[0;39m] [33mc.a.a.s.r.p.Apprefresher.checkForRefresh:20[0;39m:App refreshed at alok-s3-refresh::refresh/appA.json::0
[35m2024-02-16 08:19:05,322[0;39m [34mINFO [0;39m [[34mpool-2-thread-1[0;39m] [33mc.a.a.s.r.p.Apprefresher.checkForRefresh:43[0;39m:Data refreshed at alok-s3-refresh::refresh/appA.json::1697710002
[35m2024-02-16 08:19:05,323[0;39m [34mINFO [0;39m [[34mpool-2-thread-1[0;39m] [33mc.a.a.s.S3RefreshPollerDemoApplication.lambda$run$0:25[0;39m:Refresh Called!
[35m2024-02-16 08:19:15,328[0;39m [34mINFO [0;39m [[34mpool-2-thread-1[0;39m] [33mc.a.a.s.r.p.S3RefreshPoller.setLastRefreshTime:62[0;39m:setLastRefreshTime::1697710002
[35m2024-02-16 08:19:45,334[0;39m [34mINFO [0;39m [[34mpool-2-thread-1[0;39m] [33mc.a.a.s.r.p.Apprefresher.checkForRefresh:20[0;39m:App refreshed at alok-s3-refresh::refresh/appA.json::1697710002
[35m2024-02-16 08:19:45,653[0;39m [34mINFO [0;39m [[34mpool-2-thread-1[0;39m] [33mc.a.a.s.r.p.Apprefresher.checkForRefresh:43[0;39m:Data refreshed at alok-s3-refresh::refresh/appA.json::1697710002
[35m2024-02-16 08:19:45,654[0;39m [34mINFO [0;39m [[34mpool-2-thread-1[0;39m] [33mc.a.a.s.r.p.Apprefresher.checkForRefresh:49[0;39m:App is up to date
[35m2024-02-16 08:20:15,660[0;39m [34mINFO [0;39m [[34mpool-2-thread-1[0;39m] [33mc.a.a.s.r.p.Apprefresher.checkForRefresh:20[0;39m:App refreshed at alok-s3-refresh::refresh/appA.json::1697710002
[35m2024-02-16 08:20:15,916[0;39m [34mINFO [0;39m [[34mpool-2-thread-1[0;39m] [33mc.a.a.s.r.p.Apprefresher.checkForRefresh:43[0;39m:Data refreshed at alok-s3-refresh::refresh/appA.json::1697710002
[35m2024-02-16 08:20:15,917[0;39m [34mINFO [0;39m [[34mpool-2-thread-1[0;39m] [33mc.a.a.s.r.p.Apprefresher.checkForRefresh:49[0;39m:App is up to date
[35m2024-02-16 17:07:22,645[0;39m [34mINFO [0;39m [[34mmain[0;39m] [33mo.s.b.StartupInfoLogger.logStarting:55[0;39m:Starting S3RefreshPollerDemoApplication using Java 18.0.1.1 on MacBook-Pro.local with PID 97315 (/Users/aloksingh/git/s3-refresh-poller-demo/target/classes started by aloksingh in /Users/aloksingh/git/s3-refresh-poller-demo)
[35m2024-02-16 17:07:22,648[0;39m [34mINFO [0;39m [[34mmain[0;39m] [33mo.s.b.SpringApplication.logStartupProfileInfo:631[0;39m:No active profile set, falling back to 1 default profile: "default"
[35m2024-02-16 17:07:26,560[0;39m [34mINFO [0;39m [[34mmain[0;39m] [33mo.s.b.StartupInfoLogger.logStarted:61[0;39m:Started S3RefreshPollerDemoApplication in 4.936 seconds (JVM running for 5.671)
[35m2024-02-16 17:07:26,569[0;39m [34mINFO [0;39m [[34mmain[0;39m] [33mc.a.a.s.r.p.S3RefreshPoller.registerListener:80[0;39m:registerListener::scheduling::alok-s3-refresh::refresh/appA.json::30
[35m2024-02-16 17:07:56,578[0;39m [34mINFO [0;39m [[34mpool-2-thread-1[0;39m] [33mc.a.a.s.r.p.Apprefresher.checkForRefresh:20[0;39m:App refreshed at alok-s3-refresh::refresh/appA.json::0
[35m2024-02-16 17:07:57,878[0;39m [34mINFO [0;39m [[34mpool-2-thread-1[0;39m] [33mc.a.a.s.r.p.Apprefresher.checkForRefresh:43[0;39m:Data refreshed at alok-s3-refresh::refresh/appA.json::1697710002
[35m2024-02-16 17:07:57,879[0;39m [34mINFO [0;39m [[34mpool-2-thread-1[0;39m] [33mc.a.a.s.S3RefreshPollerDemoApplication.lambda$run$0:25[0;39m:Refresh Called!
[35m2024-02-16 17:08:07,881[0;39m [34mINFO [0;39m [[34mpool-2-thread-1[0;39m] [33mc.a.a.s.r.p.S3RefreshPoller.setLastRefreshTime:62[0;39m:setLastRefreshTime::1697710002
[35m2024-02-16 17:08:37,889[0;39m [34mINFO [0;39m [[34mpool-2-thread-1[0;39m] [33mc.a.a.s.r.p.Apprefresher.checkForRefresh:20[0;39m:App refreshed at alok-s3-refresh::refresh/appA.json::1697710002
[35m2024-02-16 17:08:38,559[0;39m [34mINFO [0;39m [[34mpool-2-thread-1[0;39m] [33mc.a.a.s.r.p.Apprefresher.checkForRefresh:43[0;39m:Data refreshed at alok-s3-refresh::refresh/appA.json::1697710002
[35m2024-02-16 17:08:38,560[0;39m [34mINFO [0;39m [[34mpool-2-thread-1[0;39m] [33mc.a.a.s.r.p.Apprefresher.checkForRefresh:49[0;39m:App is up to date
[35m2024-02-16 17:09:08,568[0;39m [34mINFO [0;39m [[34mpool-2-thread-1[0;39m] [33mc.a.a.s.r.p.Apprefresher.checkForRefresh:20[0;39m:App refreshed at alok-s3-refresh::refresh/appA.json::1697710002
[35m2024-02-16 17:09:09,385[0;39m [34mINFO [0;39m [[34mpool-2-thread-1[0;39m] [33mc.a.a.s.r.p.Apprefresher.checkForRefresh:43[0;39m:Data refreshed at alok-s3-refresh::refresh/appA.json::1697710002
[35m2024-02-16 17:09:09,386[0;39m [34mINFO [0;39m [[34mpool-2-thread-1[0;39m] [33mc.a.a.s.r.p.Apprefresher.checkForRefresh:49[0;39m:App is up to date
[35m2024-02-16 17:09:39,395[0;39m [34mINFO [0;39m [[34mpool-2-thread-1[0;39m] [33mc.a.a.s.r.p.Apprefresher.checkForRefresh:20[0;39m:App refreshed at alok-s3-refresh::refresh/appA.json::1697710002
[35m2024-02-16 17:09:40,068[0;39m [34mINFO [0;39m [[34mpool-2-thread-1[0;39m] [33mc.a.a.s.r.p.Apprefresher.checkForRefresh:43[0;39m:Data refreshed at alok-s3-refresh::refresh/appA.json::1697710002
[35m2024-02-16 17:09:40,070[0;39m [34mINFO [0;39m [[34mpool-2-thread-1[0;39m] [33mc.a.a.s.r.p.Apprefresher.checkForRefresh:49[0;39m:App is up to date
[35m2024-02-16 17:10:10,075[0;39m [34mINFO [0;39m [[34mpool-2-thread-1[0;39m] [33mc.a.a.s.r.p.Apprefresher.checkForRefresh:20[0;39m:App refreshed at alok-s3-refresh::refresh/appA.json::1697710002
[35m2024-02-16 17:10:10,848[0;39m [34mINFO [0;39m [[34mpool-2-thread-1[0;39m] [33mc.a.a.s.r.p.Apprefresher.checkForRefresh:43[0;39m:Data refreshed at alok-s3-refresh::refresh/appA.json::1697710002
[35m2024-02-16 17:10:10,855[0;39m [34mINFO [0;39m [[34mpool-2-thread-1[0;39m] [33mc.a.a.s.r.p.Apprefresher.checkForRefresh:49[0;39m:App is up to date
[35m2024-02-16 17:10:40,861[0;39m [34mINFO [0;39m [[34mpool-2-thread-1[0;39m] [33mc.a.a.s.r.p.Apprefresher.checkForRefresh:20[0;39m:App refreshed at alok-s3-refresh::refresh/appA.json::1697710002
[35m2024-02-16 17:10:41,523[0;39m [34mINFO [0;39m [[34mpool-2-thread-1[0;39m] [33mc.a.a.s.r.p.Apprefresher.checkForRefresh:43[0;39m:Data refreshed at alok-s3-refresh::refresh/appA.json::1697710002
[35m2024-02-16 17:10:41,526[0;39m [34mINFO [0;39m [[34mpool-2-thread-1[0;39m] [33mc.a.a.s.r.p.Apprefresher.checkForRefresh:49[0;39m:App is up to date
[35m2024-02-16 17:11:11,536[0;39m [34mINFO [0;39m [[34mpool-2-thread-1[0;39m] [33mc.a.a.s.r.p.Apprefresher.checkForRefresh:20[0;39m:App refreshed at alok-s3-refresh::refresh/appA.json::1697710002
[35m2024-02-16 17:11:12,324[0;39m [34mINFO [0;39m [[34mpool-2-thread-1[0;39m] [33mc.a.a.s.r.p.Apprefresher.checkForRefresh:43[0;39m:Data refreshed at alok-s3-refresh::refresh/appA.json::1697710002
[35m2024-02-16 17:11:12,325[0;39m [34mINFO [0;39m [[34mpool-2-thread-1[0;39m] [33mc.a.a.s.r.p.Apprefresher.checkForRefresh:49[0;39m:App is up to date
[35m2024-02-16 17:11:42,331[0;39m [34mINFO [0;39m [[34mpool-2-thread-1[0;39m] [33mc.a.a.s.r.p.Apprefresher.checkForRefresh:20[0;39m:App refreshed at alok-s3-refresh::refresh/appA.json::1697710002
[35m2024-02-16 17:11:43,055[0;39m [34mINFO [0;39m [[34mpool-2-thread-1[0;39m] [33mc.a.a.s.r.p.Apprefresher.checkForRefresh:43[0;39m:Data refreshed at alok-s3-refresh::refresh/appA.json::1697710002
[35m2024-02-16 17:11:43,063[0;39m [34mINFO [0;39m [[34mpool-2-thread-1[0;39m] [33mc.a.a.s.r.p.Apprefresher.checkForRefresh:49[0;39m:App is up to date
[35m2024-02-16 17:12:13,072[0;39m [34mINFO [0;39m [[34mpool-2-thread-1[0;39m] [33mc.a.a.s.r.p.Apprefresher.checkForRefresh:20[0;39m:App refreshed at alok-s3-refresh::refresh/appA.json::1697710002
[35m2024-02-16 17:12:13,836[0;39m [34mINFO [0;39m [[34mpool-2-thread-1[0;39m] [33mc.a.a.s.r.p.Apprefresher.checkForRefresh:43[0;39m:Data refreshed at alok-s3-refresh::refresh/appA.json::1697710002
[35m2024-02-16 17:12:13,836[0;39m [34mINFO [0;39m [[34mpool-2-thread-1[0;39m] [33mc.a.a.s.r.p.Apprefresher.checkForRefresh:49[0;39m:App is up to date
[35m2024-02-16 17:12:43,843[0;39m [34mINFO [0;39m [[34mpool-2-thread-1[0;39m] [33mc.a.a.s.r.p.Apprefresher.checkForRefresh:20[0;39m:App refreshed at alok-s3-refresh::refresh/appA.json::1697710002
[35m2024-02-16 17:12:44,930[0;39m [34mINFO [0;39m [[34mpool-2-thread-1[0;39m] [33mc.a.a.s.r.p.Apprefresher.checkForRefresh:43[0;39m:Data refreshed at alok-s3-refresh::refresh/appA.json::1697710002
[35m2024-02-16 17:12:44,932[0;39m [34mINFO [0;39m [[34mpool-2-thread-1[0;39m] [33mc.a.a.s.r.p.Apprefresher.checkForRefresh:49[0;39m:App is up to date
[35m2024-02-16 17:13:14,938[0;39m [34mINFO [0;39m [[34mpool-2-thread-1[0;39m] [33mc.a.a.s.r.p.Apprefresher.checkForRefresh:20[0;39m:App refreshed at alok-s3-refresh::refresh/appA.json::1697710002
[35m2024-02-16 17:13:15,736[0;39m [34mINFO [0;39m [[34mpool-2-thread-1[0;39m] [33mc.a.a.s.r.p.Apprefresher.checkForRefresh:43[0;39m:Data refreshed at alok-s3-refresh::refresh/appA.json::1697710002
[35m2024-02-16 17:13:15,737[0;39m [34mINFO [0;39m [[34mpool-2-thread-1[0;39m] [33mc.a.a.s.r.p.Apprefresher.checkForRefresh:49[0;39m:App is up to date
[35m2024-02-16 17:13:45,743[0;39m [34mINFO [0;39m [[34mpool-2-thread-1[0;39m] [33mc.a.a.s.r.p.Apprefresher.checkForRefresh:20[0;39m:App refreshed at alok-s3-refresh::refresh/appA.json::1697710002
[35m2024-02-16 17:13:46,467[0;39m [34mINFO [0;39m [[34mpool-2-thread-1[0;39m] [33mc.a.a.s.r.p.Apprefresher.checkForRefresh:43[0;39m:Data refreshed at alok-s3-refresh::refresh/appA.json::1697710002
[35m2024-02-16 17:13:46,469[0;39m [34mINFO [0;39m [[34mpool-2-thread-1[0;39m] [33mc.a.a.s.r.p.Apprefresher.checkForRefresh:49[0;39m:App is up to date
[35m2024-02-16 17:14:16,476[0;39m [34mINFO [0;39m [[34mpool-2-thread-1[0;39m] [33mc.a.a.s.r.p.Apprefresher.checkForRefresh:20[0;39m:App refreshed at alok-s3-refresh::refresh/appA.json::1697710002
[35m2024-02-16 17:14:17,185[0;39m [34mINFO [0;39m [[34mpool-2-thread-1[0;39m] [33mc.a.a.s.r.p.Apprefresher.checkForRefresh:43[0;39m:Data refreshed at alok-s3-refresh::refresh/appA.json::1697710002
[35m2024-02-16 17:14:17,186[0;39m [34mINFO [0;39m [[34mpool-2-thread-1[0;39m] [33mc.a.a.s.r.p.Apprefresher.checkForRefresh:49[0;39m:App is up to date
[35m2024-02-16 17:14:47,187[0;39m [34mINFO [0;39m [[34mpool-2-thread-1[0;39m] [33mc.a.a.s.r.p.Apprefresher.checkForRefresh:20[0;39m:App refreshed at alok-s3-refresh::refresh/appA.json::1697710002
[35m2024-02-16 17:14:47,772[0;39m [34mINFO [0;39m [[34mpool-2-thread-1[0;39m] [33mc.a.a.s.r.p.Apprefresher.checkForRefresh:43[0;39m:Data refreshed at alok-s3-refresh::refresh/appA.json::1697710002
[35m2024-02-16 17:14:47,772[0;39m [34mINFO [0;39m [[34mpool-2-thread-1[0;39m] [33mc.a.a.s.r.p.Apprefresher.checkForRefresh:49[0;39m:App is up to date
